<?xml version="1.0" encoding="UTF-8"?>
<!-- Generated by org.testng.reporters.JUnitReportReporter -->
<testsuite hostname="DESKTOP-MGIH2GK" failures="0" tests="1" name="Com.Ecommerce.TestCases.TC_NewRegistration" time="8.600" errors="0" timestamp="2024-03-14T16:10:08 IST" skipped="0">
  <testcase classname="Com.Ecommerce.TestCases.TC_NewRegistration" name="Registration" time="8.600"/>
</testsuite> <!-- Com.Ecommerce.TestCases.TC_NewRegistration -->
